c:\users\simon\downloads\cppgdiplus\cppgdiplus\cppgdiplus\debug\cppgdiplus.pch
c:\users\simon\downloads\cppgdiplus\cppgdiplus\cppgdiplus\debug\vc140.pdb
c:\users\simon\downloads\cppgdiplus\cppgdiplus\cppgdiplus\debug\vc140.idb
c:\users\simon\downloads\cppgdiplus\cppgdiplus\cppgdiplus\debug\stdafx.obj
c:\users\simon\downloads\cppgdiplus\cppgdiplus\cppgdiplus\debug\cppgdiplus.obj
c:\users\simon\desktop\videocapture\imsscreen\cppgdiplus\debug\cppgdiplus.pch
c:\users\simon\desktop\videocapture\imsscreen\cppgdiplus\debug\vc140.pdb
c:\users\simon\desktop\videocapture\imsscreen\cppgdiplus\debug\vc140.idb
c:\users\simon\desktop\videocapture\imsscreen\cppgdiplus\debug\stdafx.obj
c:\users\simon\desktop\videocapture\imsscreen\cppgdiplus\debug\cppgdiplus.obj
c:\users\simon\downloads\cppgdiplus\cppgdiplus\debug\cppgdiplus.ilk
c:\users\simon\downloads\cppgdiplus\cppgdiplus\debug\cppgdiplus.exe
c:\users\simon\downloads\cppgdiplus\cppgdiplus\debug\cppgdiplus.pdb
c:\users\simon\desktop\videocapture\imsscreen\debug\cppgdiplus.ilk
c:\users\simon\desktop\videocapture\imsscreen\debug\cppgdiplus.exe
c:\users\simon\desktop\videocapture\imsscreen\debug\cppgdiplus.pdb
c:\users\simon\downloads\cppgdiplus\cppgdiplus\cppgdiplus\debug\cppgdiplus.res
c:\users\simon\desktop\videocapture\imsscreen\cppgdiplus\debug\cppgdiplus.res
c:\users\simon\desktop\videocapture\imsscreen\cppgdiplus\debug\cppgdiplus.tlog\cl.command.1.tlog
c:\users\simon\desktop\videocapture\imsscreen\cppgdiplus\debug\cppgdiplus.tlog\cl.read.1.tlog
c:\users\simon\desktop\videocapture\imsscreen\cppgdiplus\debug\cppgdiplus.tlog\cl.write.1.tlog
c:\users\simon\desktop\videocapture\imsscreen\cppgdiplus\debug\cppgdiplus.tlog\link.command.1.tlog
c:\users\simon\desktop\videocapture\imsscreen\cppgdiplus\debug\cppgdiplus.tlog\link.read.1.tlog
c:\users\simon\desktop\videocapture\imsscreen\cppgdiplus\debug\cppgdiplus.tlog\link.write.1.tlog
c:\users\simon\desktop\videocapture\imsscreen\cppgdiplus\debug\cppgdiplus.tlog\rc.command.1.tlog
c:\users\simon\desktop\videocapture\imsscreen\cppgdiplus\debug\cppgdiplus.tlog\rc.read.1.tlog
c:\users\simon\desktop\videocapture\imsscreen\cppgdiplus\debug\cppgdiplus.tlog\rc.write.1.tlog
