c:\users\imstest\desktop\source\imsgrid\imsgrid\debug\imsgrid.pch
c:\users\imstest\desktop\source\imsgrid\imsgrid\debug\vc140.pdb
c:\users\imstest\desktop\source\imsgrid\imsgrid\debug\vc140.idb
c:\users\imstest\desktop\source\imsgrid\imsgrid\debug\stdafx.obj
c:\users\imstest\desktop\source\imsgrid\debug\imsgrid.ilk
c:\users\imstest\desktop\source\imsgrid\debug\imsgrid.exe
c:\users\imstest\desktop\source\imsgrid\debug\imsgrid.pdb
c:\users\imstest\desktop\source\imsgrid\imsgrid\debug\imsgrid.res
c:\users\imstest\desktop\source\imsgrid\imsgrid\debug\cppgdiplus.obj
c:\users\imstest\desktop\source\imsgrid\imsgrid\debug\cppgdiplus.res
c:\users\imstest\desktop\source\imsgrid\imsgrid\debug\cppgdiplus.pch
c:\users\imstest\desktop\source\imsgrid\imsgrid\debug\imsgrid.tlog\cl.command.1.tlog
c:\users\imstest\desktop\source\imsgrid\imsgrid\debug\imsgrid.tlog\cl.read.1.tlog
c:\users\imstest\desktop\source\imsgrid\imsgrid\debug\imsgrid.tlog\cl.write.1.tlog
c:\users\imstest\desktop\source\imsgrid\imsgrid\debug\imsgrid.tlog\link.command.1.tlog
c:\users\imstest\desktop\source\imsgrid\imsgrid\debug\imsgrid.tlog\link.read.1.tlog
c:\users\imstest\desktop\source\imsgrid\imsgrid\debug\imsgrid.tlog\link.write.1.tlog
c:\users\imstest\desktop\source\imsgrid\imsgrid\debug\imsgrid.tlog\rc.command.1.tlog
c:\users\imstest\desktop\source\imsgrid\imsgrid\debug\imsgrid.tlog\rc.read.1.tlog
c:\users\imstest\desktop\source\imsgrid\imsgrid\debug\imsgrid.tlog\rc.write.1.tlog
