C:\Program Files (x86)\MSBuild\Microsoft.Cpp\v4.0\V140\Microsoft.CppBuild.targets(392,5): warning MSB8028: The intermediate directory (Release\) contains files shared from another project (CPPGDIPlus.vcxproj).  This can lead to incorrect clean and rebuild behavior.
  IMGGRID.cpp
IMGGRID.cpp(730): warning C4996: 'mbstowcs': This function or variable may be unsafe. Consider using mbstowcs_s instead. To disable deprecation, use _CRT_SECURE_NO_WARNINGS. See online help for details.
  C:\Program Files (x86)\Windows Kits\10\Include\10.0.10240.0\ucrt\stdlib.h(920): note: see declaration of 'mbstowcs'
IMGGRID.cpp(839): warning C4805: '==': unsafe mix of type 'int' and type 'bool' in operation
IMGGRID.cpp(970): warning C4101: 'windowsize': unreferenced local variable
IMGGRID.cpp(1087): warning C4101: 'DErr': unreferenced local variable
IMGGRID.cpp(1431): warning C4996: 'wcscpy': This function or variable may be unsafe. Consider using wcscpy_s instead. To disable deprecation, use _CRT_SECURE_NO_WARNINGS. See online help for details.
  C:\Program Files (x86)\Windows Kits\10\Include\10.0.10240.0\ucrt\corecrt_wstring.h(121): note: see declaration of 'wcscpy'
IMGGRID.cpp(1432): warning C4244: 'argument': conversion from 'int' to 'Gdiplus::REAL', possible loss of data
IMGGRID.cpp(1445): warning C4996: 'wcscpy': This function or variable may be unsafe. Consider using wcscpy_s instead. To disable deprecation, use _CRT_SECURE_NO_WARNINGS. See online help for details.
  C:\Program Files (x86)\Windows Kits\10\Include\10.0.10240.0\ucrt\corecrt_wstring.h(121): note: see declaration of 'wcscpy'
IMGGRID.cpp(1449): warning C4996: 'wcscpy': This function or variable may be unsafe. Consider using wcscpy_s instead. To disable deprecation, use _CRT_SECURE_NO_WARNINGS. See online help for details.
  C:\Program Files (x86)\Windows Kits\10\Include\10.0.10240.0\ucrt\corecrt_wstring.h(121): note: see declaration of 'wcscpy'
IMGGRID.cpp(1453): warning C4996: 'wcscpy': This function or variable may be unsafe. Consider using wcscpy_s instead. To disable deprecation, use _CRT_SECURE_NO_WARNINGS. See online help for details.
  C:\Program Files (x86)\Windows Kits\10\Include\10.0.10240.0\ucrt\corecrt_wstring.h(121): note: see declaration of 'wcscpy'
IMGGRID.cpp(1461): warning C4244: 'argument': conversion from 'int' to 'Gdiplus::REAL', possible loss of data
IMGGRID.cpp(1462): warning C4244: 'argument': conversion from 'int' to 'Gdiplus::REAL', possible loss of data
IMGGRID.cpp(1527): warning C4244: 'argument': conversion from 'int' to 'Gdiplus::REAL', possible loss of data
IMGGRID.cpp(1528): warning C4244: 'argument': conversion from 'int' to 'Gdiplus::REAL', possible loss of data
IMGGRID.cpp(1537): warning C4996: 'wcscpy': This function or variable may be unsafe. Consider using wcscpy_s instead. To disable deprecation, use _CRT_SECURE_NO_WARNINGS. See online help for details.
  C:\Program Files (x86)\Windows Kits\10\Include\10.0.10240.0\ucrt\corecrt_wstring.h(121): note: see declaration of 'wcscpy'
IMGGRID.cpp(1541): warning C4996: 'wcscpy': This function or variable may be unsafe. Consider using wcscpy_s instead. To disable deprecation, use _CRT_SECURE_NO_WARNINGS. See online help for details.
  C:\Program Files (x86)\Windows Kits\10\Include\10.0.10240.0\ucrt\corecrt_wstring.h(121): note: see declaration of 'wcscpy'
IMGGRID.cpp(1546): warning C4244: 'argument': conversion from 'int' to 'Gdiplus::REAL', possible loss of data
IMGGRID.cpp(1547): warning C4244: 'argument': conversion from 'int' to 'Gdiplus::REAL', possible loss of data
IMGGRID.cpp(1599): warning C4996: 'wcscpy': This function or variable may be unsafe. Consider using wcscpy_s instead. To disable deprecation, use _CRT_SECURE_NO_WARNINGS. See online help for details.
  C:\Program Files (x86)\Windows Kits\10\Include\10.0.10240.0\ucrt\corecrt_wstring.h(121): note: see declaration of 'wcscpy'
IMGGRID.cpp(1600): warning C4996: 'wcscpy': This function or variable may be unsafe. Consider using wcscpy_s instead. To disable deprecation, use _CRT_SECURE_NO_WARNINGS. See online help for details.
  C:\Program Files (x86)\Windows Kits\10\Include\10.0.10240.0\ucrt\corecrt_wstring.h(121): note: see declaration of 'wcscpy'
IMGGRID.cpp(1602): warning C4244: 'argument': conversion from 'int' to 'Gdiplus::REAL', possible loss of data
IMGGRID.cpp(1603): warning C4244: 'argument': conversion from 'int' to 'Gdiplus::REAL', possible loss of data
  Generating code
  45 of 159 functions (28.3%) were compiled, the rest were copied from previous compilation.
    0 functions were new in current compilation
    5 functions had inline decision re-evaluated but remain unchanged
  Finished generating code
  IMSGRID.vcxproj -> D:\visualstudio\IMSGRID4\Release\IMSGRID.exe
  IMSGRID.vcxproj -> D:\visualstudio\IMSGRID4\Release\IMSGRID.pdb (Full PDB)
