d:\board\isp_sensors\tools\imsgrid4\release\imsgrid.pch
d:\board\isp_sensors\tools\imsgrid4\release\vc140.pdb
d:\board\isp_sensors\tools\imsgrid4\release\stdafx.obj
d:\board\isp_sensors\tools\imsgrid4\release\imggrid.obj
d:\visualstudio\imsgrid4\release\imsgrid.pch
d:\visualstudio\imsgrid4\release\vc140.pdb
d:\visualstudio\imsgrid4\release\stdafx.obj
d:\visualstudio\imsgrid4\release\imggrid.obj
d:\visualstudio\imsgrid4\release\imsgrid.exe
d:\visualstudio\imsgrid4\release\imsgrid.ipdb
d:\visualstudio\imsgrid4\release\imsgrid.iobj
d:\visualstudio\imsgrid4\release\imsgrid.pdb
d:\board\isp_sensors\tools\imsgrid4\release\imsgrid.res
d:\visualstudio\imsgrid4\release\imsgrid.res
d:\visualstudio\imsgrid4\release\imsgrid.tlog\cl.command.1.tlog
d:\visualstudio\imsgrid4\release\imsgrid.tlog\cl.read.1.tlog
d:\visualstudio\imsgrid4\release\imsgrid.tlog\cl.write.1.tlog
d:\visualstudio\imsgrid4\release\imsgrid.tlog\link.command.1.tlog
d:\visualstudio\imsgrid4\release\imsgrid.tlog\link.read.1.tlog
d:\visualstudio\imsgrid4\release\imsgrid.tlog\link.write.1.tlog
d:\visualstudio\imsgrid4\release\imsgrid.tlog\rc.command.1.tlog
d:\visualstudio\imsgrid4\release\imsgrid.tlog\rc.read.1.tlog
d:\visualstudio\imsgrid4\release\imsgrid.tlog\rc.write.1.tlog
